<?xml version="1.0" encoding="UTF-8" ?>
<testsuite errors="1" failures="0" hostname="s-macbook.local" name="test.rdfasquare.RegressionJUnitTest" tests="1" time="0.408" timestamp="2012-09-18T19:13:51">
  <properties>
[...]
</properties>
  <testcase classname="test.rdfasquare.RegressionJUnitTest" name="testRDFaSquareTestCaseJUnit" time="0.063">
    <error message="Could not contact Selenium Server; have you started it on &apos;localhost:4444&apos; ?&#xa;Read more at http://seleniumhq.org/projects/remote-control/not-started.html&#xa;Connection refused" type="java.lang.RuntimeException">java.lang.RuntimeException: Could not contact Selenium Server; have you started it on &apos;localhost:4444&apos; ?
Connection refused
	at com.thoughtworks.selenium.DefaultSelenium.start(DefaultSelenium.java:104)
	at test.rdfasquare.RegressionJUnitTest.setUp(Unknown Source)
	at com.thoughtworks.selenium.SeleneseTestCase.runBare(SeleneseTestCase.java:248)
</error>
  </testcase>
  <system-out><![CDATA[]]></system-out>
  <system-err><![CDATA[]]></system-err>
</testsuite>
