<?xml version="1.0" encoding="UTF-8" ?>
<testsuite errors="1" failures="0" hostname="s-macbook.local" name="test.rdfasquare.RegressionJUnitTest" tests="1" time="0.472" timestamp="2012-09-18T19:34:33">
  <properties>
[...]
</properties>
  <testcase classname="test.rdfasquare.RegressionJUnitTest" name="testRDFaSquareTestCaseJUnit" time="0.043">
    <error message="Could not start Selenium session: Failed to start new browser session: Error while launching browser" type="java.lang.RuntimeException">java.lang.RuntimeException: Could not start Selenium session: Failed to start new browser session: Error while launching browser
	at com.thoughtworks.selenium.DefaultSelenium.start(DefaultSelenium.java:109)
	at test.rdfasquare.RegressionJUnitTest.setUp(Unknown Source)
	at com.thoughtworks.selenium.SeleneseTestCase.runBare(SeleneseTestCase.java:248)
Caused by: com.thoughtworks.selenium.SeleniumException: Failed to start new browser session: Error while launching browser
	at com.thoughtworks.selenium.HttpCommandProcessor.throwAssertionFailureExceptionOrError(HttpCommandProcessor.java:112)
	at com.thoughtworks.selenium.HttpCommandProcessor.doCommand(HttpCommandProcessor.java:106)
	at com.thoughtworks.selenium.HttpCommandProcessor.getString(HttpCommandProcessor.java:275)
	at com.thoughtworks.selenium.HttpCommandProcessor.start(HttpCommandProcessor.java:237)
	at com.thoughtworks.selenium.DefaultSelenium.start(DefaultSelenium.java:100)
</error>
  </testcase>
  <system-out><![CDATA[]]></system-out>
  <system-err><![CDATA[]]></system-err>
</testsuite>
