<?xml version="1.0" encoding="UTF-8" ?>
<testsuite errors="1" failures="0" hostname="s-macbook.local" name="RegressionJUnitTest" tests="1" time="0.0" timestamp="2012-09-16T02:39:06">
  <properties>
[...]
</properties>
  <error message="RegressionJUnitTest" type="java.lang.ClassNotFoundException">java.lang.ClassNotFoundException: RegressionJUnitTest
	at java.net.URLClassLoader$1.run(URLClassLoader.java:202)
	at java.security.AccessController.doPrivileged(Native Method)
	at java.net.URLClassLoader.findClass(URLClassLoader.java:190)
	at java.lang.ClassLoader.loadClass(ClassLoader.java:306)
	at java.lang.ClassLoader.loadClass(ClassLoader.java:247)
	at java.lang.ClassLoader.loadClass(ClassLoader.java:247)
	at java.lang.Class.forName0(Native Method)
	at java.lang.Class.forName(Class.java:247)
</error>
  <system-out><![CDATA[]]></system-out>
  <system-err><![CDATA[]]></system-err>
</testsuite>
